time="2022-11-24T15:11:36+06:00" level=info msg="Starting the application..." func="main.main()" file="app.go:67"
time="2022-11-24T15:11:36+06:00" level=info msg="Read configuration..." func="main.main()" file="app.go:69"
time="2022-11-24T15:11:36+06:00" level=info msg="Loading the configuration..." func="rest-api-service/internal/config.GetConfig.func1()" file="config.go:24"
time="2022-11-24T15:11:36+06:00" level=info msg="Registering the handlers..." func="main.main()" file="app.go:71"
time="2022-11-24T15:11:36+06:00" level=info msg="Registering user handlers" func="rest-api-service/internal/user.(*handler).Register()" file="handler.go:28"
time="2022-11-24T15:11:36+06:00" level=info msg="Starting the server..." func="main.main()" file="app.go:73"
time="2022-11-24T15:11:36+06:00" level=info msg="Starting the server on TCP..." func="main.start()" file="app.go:39"
time="2022-11-24T15:11:36+06:00" level=info msg="Create TCP socket..." func="main.start()" file="app.go:40"
time="2022-11-24T15:11:36+06:00" level=info msg="Server is listening on 127.0.0.1:8080" func="main.start()" file="app.go:45"
time="2022-11-24T15:11:36+06:00" level=info msg="Setting the server settings..." func="main.start()" file="app.go:51"
time="2022-11-24T15:11:36+06:00" level=info msg="Starting the server..." func="main.start()" file="app.go:58"
time="2022-11-24T15:15:06+06:00" level=info msg="Starting the application..." func="main.main()" file="app.go:67"
time="2022-11-24T15:15:06+06:00" level=info msg="Read configuration..." func="main.main()" file="app.go:69"
time="2022-11-24T15:15:06+06:00" level=info msg="Loading the configuration..." func="rest-api-service/internal/config.GetConfig.func1()" file="config.go:24"
time="2022-11-24T15:15:06+06:00" level=info msg="Registering the handlers..." func="main.main()" file="app.go:71"
time="2022-11-24T15:15:06+06:00" level=info msg="Registering user handlers" func="rest-api-service/internal/user.(*handler).Register()" file="handler.go:28"
time="2022-11-24T15:15:06+06:00" level=info msg="Starting the server..." func="main.main()" file="app.go:73"
time="2022-11-24T15:15:06+06:00" level=info msg="Starting the server on TCP..." func="main.start()" file="app.go:39"
time="2022-11-24T15:15:06+06:00" level=info msg="Create TCP socket..." func="main.start()" file="app.go:40"
time="2022-11-24T15:15:06+06:00" level=info msg="Server is listening on 127.0.0.1:8080" func="main.start()" file="app.go:45"
time="2022-11-24T15:15:06+06:00" level=info msg="Setting the server settings..." func="main.start()" file="app.go:51"
time="2022-11-24T15:15:06+06:00" level=info msg="Starting the server..." func="main.start()" file="app.go:58"
time="2022-11-24T15:16:05+06:00" level=info msg="Starting the application..." func="main.main()" file="app.go:67"
time="2022-11-24T15:16:05+06:00" level=info msg="Read configuration..." func="main.main()" file="app.go:69"
time="2022-11-24T15:16:05+06:00" level=info msg="Loading the configuration..." func="rest-api-service/internal/config.GetConfig.func1()" file="config.go:24"
time="2022-11-24T15:16:05+06:00" level=info msg="Registering the handlers..." func="main.main()" file="app.go:71"
time="2022-11-24T15:16:05+06:00" level=info msg="Registering user handlers" func="rest-api-service/internal/user.(*handler).Register()" file="handler.go:28"
time="2022-11-24T15:16:05+06:00" level=info msg="Starting the server..." func="main.main()" file="app.go:73"
time="2022-11-24T15:16:05+06:00" level=info msg="Starting the server on TCP..." func="main.start()" file="app.go:39"
time="2022-11-24T15:16:05+06:00" level=info msg="Create TCP socket..." func="main.start()" file="app.go:40"
time="2022-11-24T15:16:05+06:00" level=info msg="Server is listening on 127.0.0.1:8080" func="main.start()" file="app.go:45"
time="2022-11-24T15:16:05+06:00" level=info msg="Setting the server settings..." func="main.start()" file="app.go:51"
time="2022-11-24T15:16:05+06:00" level=info msg="Starting the server..." func="main.start()" file="app.go:58"
time="2022-11-24T15:17:31+06:00" level=info msg="Starting the application..." func="main.main()" file="app.go:67"
time="2022-11-24T15:17:31+06:00" level=info msg="Read configuration..." func="main.main()" file="app.go:69"
time="2022-11-24T15:17:31+06:00" level=info msg="Loading the configuration..." func="rest-api-service/internal/config.GetConfig.func1()" file="config.go:24"
time="2022-11-24T15:17:31+06:00" level=info msg="Registering the handlers..." func="main.main()" file="app.go:71"
time="2022-11-24T15:17:31+06:00" level=info msg="Registering user handlers" func="rest-api-service/internal/user.(*handler).Register()" file="handler.go:28"
time="2022-11-24T15:17:31+06:00" level=info msg="Starting the server..." func="main.main()" file="app.go:73"
time="2022-11-24T15:17:31+06:00" level=info msg="Starting the server on TCP..." func="main.start()" file="app.go:39"
time="2022-11-24T15:17:31+06:00" level=info msg="Create TCP socket..." func="main.start()" file="app.go:40"
time="2022-11-24T15:17:31+06:00" level=info msg="Server is listening on 127.0.0.1:8080" func="main.start()" file="app.go:45"
time="2022-11-24T15:17:31+06:00" level=info msg="Setting the server settings..." func="main.start()" file="app.go:51"
time="2022-11-24T15:17:31+06:00" level=info msg="Starting the server..." func="main.start()" file="app.go:58"
time="2022-11-24T15:17:47+06:00" level=info msg="Starting the application..." func="main.main()" file="app.go:67"
time="2022-11-24T15:17:47+06:00" level=info msg="Read configuration..." func="main.main()" file="app.go:69"
time="2022-11-24T15:17:47+06:00" level=info msg="Loading the configuration..." func="rest-api-service/internal/config.GetConfig.func1()" file="config.go:24"
time="2022-11-24T15:17:47+06:00" level=info msg="Registering the handlers..." func="main.main()" file="app.go:71"
time="2022-11-24T15:17:47+06:00" level=info msg="Registering user handlers" func="rest-api-service/internal/user.(*handler).Register()" file="handler.go:28"
time="2022-11-24T15:17:47+06:00" level=info msg="Starting the server..." func="main.main()" file="app.go:73"
time="2022-11-24T15:17:47+06:00" level=info msg="Starting the server on socket..." func="main.start()" file="app.go:26"
time="2022-11-24T15:17:47+06:00" level=info msg="Create unix socket..." func="main.start()" file="app.go:32"
time="2022-11-24T15:17:47+06:00" level=info msg="Server listening on socket..." func="main.start()" file="app.go:37"
time="2022-11-24T15:17:47+06:00" level=info msg="Setting the server settings..." func="main.start()" file="app.go:51"
time="2022-11-24T15:17:47+06:00" level=info msg="Starting the server..." func="main.start()" file="app.go:58"
time="2022-11-24T15:22:07+06:00" level=info msg="Starting the application..." func="main.main()" file="app.go:67"
time="2022-11-24T15:22:07+06:00" level=info msg="Read configuration..." func="main.main()" file="app.go:69"
time="2022-11-24T15:22:07+06:00" level=info msg="Loading the configuration..." func="rest-api-service/internal/config.GetConfig.func1()" file="config.go:24"
time="2022-11-24T15:22:07+06:00" level=info msg="Registering the handlers..." func="main.main()" file="app.go:71"
time="2022-11-24T15:22:07+06:00" level=info msg="Registering user handlers" func="rest-api-service/internal/user.(*handler).Register()" file="handler.go:28"
time="2022-11-24T15:22:07+06:00" level=info msg="Starting the server..." func="main.main()" file="app.go:73"
time="2022-11-24T15:22:07+06:00" level=info msg="Starting the server on socket..." func="main.start()" file="app.go:26"
time="2022-11-24T15:22:07+06:00" level=info msg="Create unix socket..." func="main.start()" file="app.go:32"
time="2022-11-24T15:22:07+06:00" level=fatal msg="Error while creating the unix socket: listen unix /home/student/GolandProjects/rest-api-serivce/build/app.sock: bind: address already in use" func="main.start()" file="app.go:35"
time="2022-11-24T15:22:28+06:00" level=info msg="Starting the application..." func="main.main()" file="app.go:67"
time="2022-11-24T15:22:28+06:00" level=info msg="Read configuration..." func="main.main()" file="app.go:69"
time="2022-11-24T15:22:28+06:00" level=info msg="Loading the configuration..." func="rest-api-service/internal/config.GetConfig.func1()" file="config.go:24"
time="2022-11-24T15:22:28+06:00" level=info msg="Registering the handlers..." func="main.main()" file="app.go:71"
time="2022-11-24T15:22:28+06:00" level=info msg="Registering user handlers" func="rest-api-service/internal/user.(*handler).Register()" file="handler.go:28"
time="2022-11-24T15:22:28+06:00" level=info msg="Starting the server..." func="main.main()" file="app.go:73"
time="2022-11-24T15:22:28+06:00" level=info msg="Starting the server on socket..." func="main.start()" file="app.go:26"
time="2022-11-24T15:22:28+06:00" level=info msg="Create unix socket..." func="main.start()" file="app.go:32"
time="2022-11-24T15:22:28+06:00" level=info msg="Server listening on socket..." func="main.start()" file="app.go:37"
time="2022-11-24T15:22:28+06:00" level=info msg="Setting the server settings..." func="main.start()" file="app.go:51"
time="2022-11-24T15:22:28+06:00" level=info msg="Starting the server..." func="main.start()" file="app.go:58"
